[I 10:59:21.112 NotebookApp] The port 8888 is already in use, trying another port.
[I 10:59:21.112 NotebookApp] The port 8889 is already in use, trying another port.
[I 10:59:21.112 NotebookApp] The port 8890 is already in use, trying another port.
Fail to get yarn configuration. node:events:304
      throw er; // Unhandled 'error' event
      ^

Error: EBADF: bad file descriptor, read
Emitted 'error' event on ReadStream instance at:
    at emitErrorNT (node:internal/streams/destroy:194:8)
    at errorOrDestroy (node:internal/streams/destroy:257:7)
    at node:internal/fs/streams:193:9
    at FSReqCallback.wrapper [as oncomplete] (node:fs:539:5) {
  errno: -9,
  code: 'EBADF',
  syscall: 'read'
}

[I 10:59:21.436 NotebookApp] JupyterLab extension loaded from /opt/anaconda/lib/python3.8/site-packages/jupyterlab
[I 10:59:21.437 NotebookApp] JupyterLab application directory is /opt/anaconda/share/jupyter/lab
[I 10:59:21.439 NotebookApp] Serving notebooks from local directory: /home/matin/coursera/Numerical Analysis/week 1
[I 10:59:21.439 NotebookApp] Jupyter Notebook 6.1.4 is running at:
[I 10:59:21.440 NotebookApp] http://localhost:8891/?token=f1f784c6d4aa53a4202440e9a8c6e53678330b37d247ab98
[I 10:59:21.440 NotebookApp]  or http://127.0.0.1:8891/?token=f1f784c6d4aa53a4202440e9a8c6e53678330b37d247ab98
[I 10:59:21.440 NotebookApp] Use Control-C to stop this server and shut down all kernels (twice to skip confirmation).
[C 10:59:21.464 NotebookApp] 
    
    To access the notebook, open this file in a browser:
        file:///home/matin/.local/share/jupyter/runtime/nbserver-199266-open.html
    Or copy and paste one of these URLs:
        http://localhost:8891/?token=f1f784c6d4aa53a4202440e9a8c6e53678330b37d247ab98
     or http://127.0.0.1:8891/?token=f1f784c6d4aa53a4202440e9a8c6e53678330b37d247ab98
[I 10:59:34.354 NotebookApp] Kernel started: 8c9e39df-6711-4e88-91e0-3b7274200876, name: python3
[I 11:01:34.339 NotebookApp] Saving file at /Matin_Noohnezhad_week_1_LU_pivoting.ipynb
[W 16:08:32.954 NotebookApp] Replacing stale connection: 8c9e39df-6711-4e88-91e0-3b7274200876:9fbb69f84f8b41d79e1b0f17a24d7ed2
[I 16:08:37.959 NotebookApp] Starting buffering for 8c9e39df-6711-4e88-91e0-3b7274200876:9fbb69f84f8b41d79e1b0f17a24d7ed2
[I 16:08:37.961 NotebookApp] Restoring connection for 8c9e39df-6711-4e88-91e0-3b7274200876:9fbb69f84f8b41d79e1b0f17a24d7ed2
[I 01:11:26.456 NotebookApp] Starting buffering for 8c9e39df-6711-4e88-91e0-3b7274200876:9fbb69f84f8b41d79e1b0f17a24d7ed2
[C 01:11:27.494 NotebookApp] received signal 15, stopping
[I 01:11:27.495 NotebookApp] Shutting down 1 kernel
[I 01:11:27.597 NotebookApp] Kernel shutdown: 8c9e39df-6711-4e88-91e0-3b7274200876
[I 01:11:27.597 NotebookApp] Shutting down 0 terminals
