[I 10:10:50.465 NotebookApp] The port 8888 is already in use, trying another port.
[I 10:10:50.465 NotebookApp] The port 8889 is already in use, trying another port.
[I 10:10:50.465 NotebookApp] The port 8890 is already in use, trying another port.
[I 10:10:50.465 NotebookApp] The port 8891 is already in use, trying another port.
[I 10:10:50.465 NotebookApp] The port 8892 is already in use, trying another port.
[I 10:10:50.529 NotebookApp] JupyterLab extension loaded from /home/matin/anaconda3/lib/python3.8/site-packages/jupyterlab
[I 10:10:50.529 NotebookApp] JupyterLab application directory is /home/matin/anaconda3/share/jupyter/lab
[I 10:10:50.531 NotebookApp] Serving notebooks from local directory: /home/matin/codes/Numerical Analysis/week 6
[I 10:10:50.531 NotebookApp] Jupyter Notebook 6.1.4 is running at:
[I 10:10:50.531 NotebookApp] http://localhost:8869/?token=ed36c25758dac4b9ede52aec95c1c9e1db2f929d88dc22bb
[I 10:10:50.531 NotebookApp]  or http://127.0.0.1:8869/?token=ed36c25758dac4b9ede52aec95c1c9e1db2f929d88dc22bb
[I 10:10:50.532 NotebookApp] Use Control-C to stop this server and shut down all kernels (twice to skip confirmation).
[C 10:10:50.575 NotebookApp] 
    
    To access the notebook, open this file in a browser:
        file:///home/matin/.local/share/jupyter/runtime/nbserver-32547-open.html
    Or copy and paste one of these URLs:
        http://localhost:8869/?token=ed36c25758dac4b9ede52aec95c1c9e1db2f929d88dc22bb
     or http://127.0.0.1:8869/?token=ed36c25758dac4b9ede52aec95c1c9e1db2f929d88dc22bb
[I 10:11:33.993 NotebookApp] Creating new notebook in 
[I 10:11:35.105 NotebookApp] Kernel started: 62536616-a700-4abe-ac36-8f4bc709fefa, name: python3
[I 10:11:53.533 NotebookApp] Starting buffering for 62536616-a700-4abe-ac36-8f4bc709fefa:2d8cd64721184dacb3f9f400a63c3ea3
[W 10:11:54.279 NotebookApp] 400 GET /api/contents/Untitled.ipynb?type=notebook&_=1608792114096 (127.0.0.1): Unreadable Notebook: /home/matin/codes/Numerical Analysis/week 6/Untitled.ipynb NotJSONError('Notebook does not appear to be JSON: \'{\\n{\\n "cells": [\\n  {\\n   "cell_type":...')
[W 10:11:54.279 NotebookApp] Unreadable Notebook: /home/matin/codes/Numerical Analysis/week 6/Untitled.ipynb NotJSONError('Notebook does not appear to be JSON: \'{\\n{\\n "cells": [\\n  {\\n   "cell_type":...')
[W 10:11:54.280 NotebookApp] 400 GET /api/contents/Untitled.ipynb?type=notebook&_=1608792114096 (127.0.0.1) 2.23ms referer=http://localhost:8869/notebooks/Untitled.ipynb?kernel_name=python3
[W 10:12:01.740 NotebookApp] 400 GET /api/contents/Untitled.ipynb?type=notebook&_=1608792121565 (127.0.0.1): Unreadable Notebook: /home/matin/codes/Numerical Analysis/week 6/Untitled.ipynb NotJSONError('Notebook does not appear to be JSON: \'{\\n{\\n "cells": [\\n  {\\n   "cell_type":...')
[W 10:12:01.740 NotebookApp] Unreadable Notebook: /home/matin/codes/Numerical Analysis/week 6/Untitled.ipynb NotJSONError('Notebook does not appear to be JSON: \'{\\n{\\n "cells": [\\n  {\\n   "cell_type":...')
[W 10:12:01.741 NotebookApp] 400 GET /api/contents/Untitled.ipynb?type=notebook&_=1608792121565 (127.0.0.1) 2.36ms referer=http://localhost:8869/notebooks/Untitled.ipynb
[I 10:12:05.228 NotebookApp] Kernel shutdown: 62536616-a700-4abe-ac36-8f4bc709fefa
[W 10:12:07.013 NotebookApp] 400 GET /api/contents/Untitled.ipynb?type=notebook&_=1608792126854 (127.0.0.1): Unreadable Notebook: /home/matin/codes/Numerical Analysis/week 6/Untitled.ipynb NotJSONError('Notebook does not appear to be JSON: \'{\\n{\\n "cells": [\\n  {\\n   "cell_type":...')
[W 10:12:07.013 NotebookApp] Unreadable Notebook: /home/matin/codes/Numerical Analysis/week 6/Untitled.ipynb NotJSONError('Notebook does not appear to be JSON: \'{\\n{\\n "cells": [\\n  {\\n   "cell_type":...')
[W 10:12:07.013 NotebookApp] 400 GET /api/contents/Untitled.ipynb?type=notebook&_=1608792126854 (127.0.0.1) 1.72ms referer=http://localhost:8869/notebooks/Untitled.ipynb
[I 10:12:38.241 NotebookApp] The port 8888 is already in use, trying another port.
[I 10:12:38.242 NotebookApp] The port 8889 is already in use, trying another port.
[I 10:12:38.242 NotebookApp] The port 8890 is already in use, trying another port.
[I 10:12:38.242 NotebookApp] The port 8891 is already in use, trying another port.
[I 10:12:38.243 NotebookApp] The port 8892 is already in use, trying another port.
[I 10:12:38.304 NotebookApp] JupyterLab extension loaded from /home/matin/anaconda3/lib/python3.8/site-packages/jupyterlab
[I 10:12:38.304 NotebookApp] JupyterLab application directory is /home/matin/anaconda3/share/jupyter/lab
[I 10:12:38.306 NotebookApp] Serving notebooks from local directory: /home/matin/codes/Numerical Analysis/week 6
[I 10:12:38.306 NotebookApp] Jupyter Notebook 6.1.4 is running at:
[I 10:12:38.306 NotebookApp] http://localhost:8954/?token=62f0f61b818df1e6f2c2b848b612f0b02211fc7addb1e3dc
[I 10:12:38.306 NotebookApp]  or http://127.0.0.1:8954/?token=62f0f61b818df1e6f2c2b848b612f0b02211fc7addb1e3dc
[I 10:12:38.306 NotebookApp] Use Control-C to stop this server and shut down all kernels (twice to skip confirmation).
[C 10:12:38.349 NotebookApp] 
    
    To access the notebook, open this file in a browser:
        file:///home/matin/.local/share/jupyter/runtime/nbserver-32874-open.html
    Or copy and paste one of these URLs:
        http://localhost:8954/?token=62f0f61b818df1e6f2c2b848b612f0b02211fc7addb1e3dc
     or http://127.0.0.1:8954/?token=62f0f61b818df1e6f2c2b848b612f0b02211fc7addb1e3dc
[W 10:12:43.097 NotebookApp] Notebook 2wew-G6JEem7ixL_6m9HFg_853a07dd45af4d40991908101a6f5cf6_week_6_calculus.ipynb is not trusted
[I 10:12:43.579 NotebookApp] Kernel started: fe141b07-e61d-4a58-b3c6-1ae657c0ee31, name: python3
[I 10:14:43.580 NotebookApp] Saving file at /2wew-G6JEem7ixL_6m9HFg_853a07dd45af4d40991908101a6f5cf6_week_6_calculus.ipynb
[I 14:50:55.438 NotebookApp] Saving file at /Matin_Noohnezhad_week_6_calculus.ipynb
[I 14:56:43.622 NotebookApp] Saving file at /Matin_Noohnezhad_week_6_calculus.ipynb
[I 14:58:43.601 NotebookApp] Saving file at /Matin_Noohnezhad_week_6_calculus.ipynb
[I 15:00:43.623 NotebookApp] Saving file at /Matin_Noohnezhad_week_6_calculus.ipynb
[I 15:02:43.606 NotebookApp] Saving file at /Matin_Noohnezhad_week_6_calculus.ipynb
[I 15:04:43.620 NotebookApp] Saving file at /Matin_Noohnezhad_week_6_calculus.ipynb
[I 15:38:43.612 NotebookApp] Saving file at /Matin_Noohnezhad_week_6_calculus.ipynb
[I 15:40:43.632 NotebookApp] Saving file at /Matin_Noohnezhad_week_6_calculus.ipynb
[I 15:42:43.631 NotebookApp] Saving file at /Matin_Noohnezhad_week_6_calculus.ipynb
[I 15:44:43.626 NotebookApp] Saving file at /Matin_Noohnezhad_week_6_calculus.ipynb
[I 15:48:43.608 NotebookApp] Saving file at /Matin_Noohnezhad_week_6_calculus.ipynb
[I 15:50:43.628 NotebookApp] Saving file at /Matin_Noohnezhad_week_6_calculus.ipynb
[I 15:56:43.617 NotebookApp] Saving file at /Matin_Noohnezhad_week_6_calculus.ipynb
[I 15:58:43.607 NotebookApp] Saving file at /Matin_Noohnezhad_week_6_calculus.ipynb
[I 16:08:43.617 NotebookApp] Saving file at /Matin_Noohnezhad_week_6_calculus.ipynb
[I 16:10:43.632 NotebookApp] Saving file at /Matin_Noohnezhad_week_6_calculus.ipynb
[I 16:11:06.421 NotebookApp] Saving file at /Matin_Noohnezhad_week_6_calculus.ipynb
[I 16:14:43.634 NotebookApp] Saving file at /Matin_Noohnezhad_week_6_calculus.ipynb
[I 16:20:43.649 NotebookApp] Saving file at /Matin_Noohnezhad_week_6_calculus.ipynb
[I 16:22:43.644 NotebookApp] Saving file at /Matin_Noohnezhad_week_6_calculus.ipynb
[I 08:10:51.391 NotebookApp] Starting buffering for fe141b07-e61d-4a58-b3c6-1ae657c0ee31:8cc7ebd4c84c45ca9aafeb4a5f5bdc9f
