[I 09:05:27.789 NotebookApp] JupyterLab extension loaded from /home/matin/anaconda3/lib/python3.8/site-packages/jupyterlab
[I 09:05:27.789 NotebookApp] JupyterLab application directory is /home/matin/anaconda3/share/jupyter/lab
[I 09:05:27.792 NotebookApp] Serving notebooks from local directory: /home/matin/codes/Numerical Analysis/week 5
[I 09:05:27.792 NotebookApp] Jupyter Notebook 6.1.4 is running at:
[I 09:05:27.792 NotebookApp] http://localhost:8888/?token=6ea8ccb4a5d89bf15504bb6bb4260130099f9b0f7b3c15ea
[I 09:05:27.792 NotebookApp]  or http://127.0.0.1:8888/?token=6ea8ccb4a5d89bf15504bb6bb4260130099f9b0f7b3c15ea
[I 09:05:27.792 NotebookApp] Use Control-C to stop this server and shut down all kernels (twice to skip confirmation).
[C 09:05:27.836 NotebookApp] 
    
    To access the notebook, open this file in a browser:
        file:///home/matin/.local/share/jupyter/runtime/nbserver-13663-open.html
    Or copy and paste one of these URLs:
        http://localhost:8888/?token=6ea8ccb4a5d89bf15504bb6bb4260130099f9b0f7b3c15ea
     or http://127.0.0.1:8888/?token=6ea8ccb4a5d89bf15504bb6bb4260130099f9b0f7b3c15ea
[W 09:05:32.953 NotebookApp] Notebook dH-sxG6JEemSphKEUWYCag_009f8095bd04482389a3aa1a77de1449_week_5_intep_approx.ipynb is not trusted
[I 09:05:33.384 NotebookApp] Kernel started: 8231cc5f-29ac-4805-99ab-3e9d8d57e878, name: python3
[I 09:07:33.403 NotebookApp] Saving file at /dH-sxG6JEemSphKEUWYCag_009f8095bd04482389a3aa1a77de1449_week_5_intep_approx.ipynb
[I 09:08:32.421 NotebookApp] 302 GET /tree (127.0.0.1) 0.58ms
[I 09:09:33.381 NotebookApp] Saving file at /dH-sxG6JEemSphKEUWYCag_009f8095bd04482389a3aa1a77de1449_week_5_intep_approx.ipynb
[I 09:13:33.381 NotebookApp] Saving file at /dH-sxG6JEemSphKEUWYCag_009f8095bd04482389a3aa1a77de1449_week_5_intep_approx.ipynb
[I 09:15:33.383 NotebookApp] Saving file at /dH-sxG6JEemSphKEUWYCag_009f8095bd04482389a3aa1a77de1449_week_5_intep_approx.ipynb
[I 09:17:33.379 NotebookApp] Saving file at /dH-sxG6JEemSphKEUWYCag_009f8095bd04482389a3aa1a77de1449_week_5_intep_approx.ipynb
[I 09:19:33.380 NotebookApp] Saving file at /dH-sxG6JEemSphKEUWYCag_009f8095bd04482389a3aa1a77de1449_week_5_intep_approx.ipynb
[I 09:21:33.386 NotebookApp] Saving file at /dH-sxG6JEemSphKEUWYCag_009f8095bd04482389a3aa1a77de1449_week_5_intep_approx.ipynb
[I 09:23:33.383 NotebookApp] Saving file at /dH-sxG6JEemSphKEUWYCag_009f8095bd04482389a3aa1a77de1449_week_5_intep_approx.ipynb
[I 09:25:33.379 NotebookApp] Saving file at /dH-sxG6JEemSphKEUWYCag_009f8095bd04482389a3aa1a77de1449_week_5_intep_approx.ipynb
[I 09:27:33.366 NotebookApp] Saving file at /dH-sxG6JEemSphKEUWYCag_009f8095bd04482389a3aa1a77de1449_week_5_intep_approx.ipynb
[I 09:29:33.377 NotebookApp] Saving file at /dH-sxG6JEemSphKEUWYCag_009f8095bd04482389a3aa1a77de1449_week_5_intep_approx.ipynb
[I 09:31:33.389 NotebookApp] Saving file at /dH-sxG6JEemSphKEUWYCag_009f8095bd04482389a3aa1a77de1449_week_5_intep_approx.ipynb
[I 09:33:33.379 NotebookApp] Saving file at /dH-sxG6JEemSphKEUWYCag_009f8095bd04482389a3aa1a77de1449_week_5_intep_approx.ipynb
[I 09:33:46.452 NotebookApp] Saving file at /dH-sxG6JEemSphKEUWYCag_009f8095bd04482389a3aa1a77de1449_week_5_intep_approx.ipynb
[I 09:51:33.374 NotebookApp] Saving file at /dH-sxG6JEemSphKEUWYCag_009f8095bd04482389a3aa1a77de1449_week_5_intep_approx.ipynb
[I 09:53:33.370 NotebookApp] Saving file at /dH-sxG6JEemSphKEUWYCag_009f8095bd04482389a3aa1a77de1449_week_5_intep_approx.ipynb
[I 09:55:33.375 NotebookApp] Saving file at /dH-sxG6JEemSphKEUWYCag_009f8095bd04482389a3aa1a77de1449_week_5_intep_approx.ipynb
[I 09:57:33.373 NotebookApp] Saving file at /dH-sxG6JEemSphKEUWYCag_009f8095bd04482389a3aa1a77de1449_week_5_intep_approx.ipynb
[I 09:59:33.369 NotebookApp] Saving file at /dH-sxG6JEemSphKEUWYCag_009f8095bd04482389a3aa1a77de1449_week_5_intep_approx.ipynb
[I 10:01:33.371 NotebookApp] Saving file at /dH-sxG6JEemSphKEUWYCag_009f8095bd04482389a3aa1a77de1449_week_5_intep_approx.ipynb
[I 10:03:33.370 NotebookApp] Saving file at /dH-sxG6JEemSphKEUWYCag_009f8095bd04482389a3aa1a77de1449_week_5_intep_approx.ipynb
[I 10:05:33.371 NotebookApp] Saving file at /dH-sxG6JEemSphKEUWYCag_009f8095bd04482389a3aa1a77de1449_week_5_intep_approx.ipynb
[I 10:07:33.383 NotebookApp] Saving file at /dH-sxG6JEemSphKEUWYCag_009f8095bd04482389a3aa1a77de1449_week_5_intep_approx.ipynb
[I 10:09:33.384 NotebookApp] Saving file at /dH-sxG6JEemSphKEUWYCag_009f8095bd04482389a3aa1a77de1449_week_5_intep_approx.ipynb
[I 10:10:18.473 NotebookApp] Saving file at /dH-sxG6JEemSphKEUWYCag_009f8095bd04482389a3aa1a77de1449_week_5_intep_approx.ipynb
[I 10:23:33.387 NotebookApp] Saving file at /dH-sxG6JEemSphKEUWYCag_009f8095bd04482389a3aa1a77de1449_week_5_intep_approx.ipynb
[I 10:25:33.377 NotebookApp] Saving file at /dH-sxG6JEemSphKEUWYCag_009f8095bd04482389a3aa1a77de1449_week_5_intep_approx.ipynb
[I 10:31:33.386 NotebookApp] Saving file at /dH-sxG6JEemSphKEUWYCag_009f8095bd04482389a3aa1a77de1449_week_5_intep_approx.ipynb
[I 10:33:33.384 NotebookApp] Saving file at /dH-sxG6JEemSphKEUWYCag_009f8095bd04482389a3aa1a77de1449_week_5_intep_approx.ipynb
[I 10:35:33.392 NotebookApp] Saving file at /dH-sxG6JEemSphKEUWYCag_009f8095bd04482389a3aa1a77de1449_week_5_intep_approx.ipynb
[I 10:37:33.378 NotebookApp] Saving file at /dH-sxG6JEemSphKEUWYCag_009f8095bd04482389a3aa1a77de1449_week_5_intep_approx.ipynb
[I 10:38:41.528 NotebookApp] Starting buffering for 8231cc5f-29ac-4805-99ab-3e9d8d57e878:bf416d3ce91e46e99d0b1b595294c6e2
[I 10:38:42.046 NotebookApp] Kernel restarted: 8231cc5f-29ac-4805-99ab-3e9d8d57e878
[I 10:38:42.064 NotebookApp] Restoring connection for 8231cc5f-29ac-4805-99ab-3e9d8d57e878:bf416d3ce91e46e99d0b1b595294c6e2
[I 10:38:42.064 NotebookApp] Replaying 3 buffered messages
[I 10:39:21.982 NotebookApp] Starting buffering for 8231cc5f-29ac-4805-99ab-3e9d8d57e878:bf416d3ce91e46e99d0b1b595294c6e2
[I 10:39:22.298 NotebookApp] Kernel restarted: 8231cc5f-29ac-4805-99ab-3e9d8d57e878
[I 10:39:22.309 NotebookApp] Restoring connection for 8231cc5f-29ac-4805-99ab-3e9d8d57e878:bf416d3ce91e46e99d0b1b595294c6e2
[I 10:39:22.309 NotebookApp] Replaying 3 buffered messages
[I 10:39:33.406 NotebookApp] Saving file at /dH-sxG6JEemSphKEUWYCag_009f8095bd04482389a3aa1a77de1449_week_5_intep_approx.ipynb
[I 10:41:33.393 NotebookApp] Saving file at /dH-sxG6JEemSphKEUWYCag_009f8095bd04482389a3aa1a77de1449_week_5_intep_approx.ipynb
[I 10:42:11.336 NotebookApp] Starting buffering for 8231cc5f-29ac-4805-99ab-3e9d8d57e878:bf416d3ce91e46e99d0b1b595294c6e2
[I 10:42:11.751 NotebookApp] Kernel restarted: 8231cc5f-29ac-4805-99ab-3e9d8d57e878
[I 10:42:11.765 NotebookApp] Restoring connection for 8231cc5f-29ac-4805-99ab-3e9d8d57e878:bf416d3ce91e46e99d0b1b595294c6e2
[I 10:42:11.765 NotebookApp] Replaying 3 buffered messages
[I 10:43:12.398 NotebookApp] Starting buffering for 8231cc5f-29ac-4805-99ab-3e9d8d57e878:bf416d3ce91e46e99d0b1b595294c6e2
[I 10:43:12.712 NotebookApp] Kernel restarted: 8231cc5f-29ac-4805-99ab-3e9d8d57e878
[I 10:43:12.723 NotebookApp] Restoring connection for 8231cc5f-29ac-4805-99ab-3e9d8d57e878:bf416d3ce91e46e99d0b1b595294c6e2
[I 10:43:12.723 NotebookApp] Replaying 3 buffered messages
[I 10:43:14.361 NotebookApp] Saving file at /dH-sxG6JEemSphKEUWYCag_009f8095bd04482389a3aa1a77de1449_week_5_intep_approx.ipynb
[I 10:43:33.393 NotebookApp] Saving file at /dH-sxG6JEemSphKEUWYCag_009f8095bd04482389a3aa1a77de1449_week_5_intep_approx.ipynb
[I 10:43:48.726 NotebookApp] Saving file at /dH-sxG6JEemSphKEUWYCag_009f8095bd04482389a3aa1a77de1449_week_5_intep_approx.ipynb
[I 10:47:33.384 NotebookApp] Saving file at /dH-sxG6JEemSphKEUWYCag_009f8095bd04482389a3aa1a77de1449_week_5_intep_approx.ipynb
[I 12:43:33.404 NotebookApp] Saving file at /dH-sxG6JEemSphKEUWYCag_009f8095bd04482389a3aa1a77de1449_week_5_intep_approx.ipynb
[I 12:45:33.403 NotebookApp] Saving file at /dH-sxG6JEemSphKEUWYCag_009f8095bd04482389a3aa1a77de1449_week_5_intep_approx.ipynb
[I 12:47:33.420 NotebookApp] Saving file at /dH-sxG6JEemSphKEUWYCag_009f8095bd04482389a3aa1a77de1449_week_5_intep_approx.ipynb
[I 12:47:52.726 NotebookApp] Starting buffering for 8231cc5f-29ac-4805-99ab-3e9d8d57e878:bf416d3ce91e46e99d0b1b595294c6e2
[I 12:47:53.144 NotebookApp] Kernel restarted: 8231cc5f-29ac-4805-99ab-3e9d8d57e878
[I 12:47:53.161 NotebookApp] Restoring connection for 8231cc5f-29ac-4805-99ab-3e9d8d57e878:bf416d3ce91e46e99d0b1b595294c6e2
[I 12:47:53.161 NotebookApp] Replaying 3 buffered messages
[I 12:49:33.407 NotebookApp] Saving file at /dH-sxG6JEemSphKEUWYCag_009f8095bd04482389a3aa1a77de1449_week_5_intep_approx.ipynb
[I 12:51:33.421 NotebookApp] Saving file at /dH-sxG6JEemSphKEUWYCag_009f8095bd04482389a3aa1a77de1449_week_5_intep_approx.ipynb
[I 12:53:33.406 NotebookApp] Saving file at /dH-sxG6JEemSphKEUWYCag_009f8095bd04482389a3aa1a77de1449_week_5_intep_approx.ipynb
[I 12:55:33.401 NotebookApp] Saving file at /dH-sxG6JEemSphKEUWYCag_009f8095bd04482389a3aa1a77de1449_week_5_intep_approx.ipynb
[I 12:57:33.403 NotebookApp] Saving file at /dH-sxG6JEemSphKEUWYCag_009f8095bd04482389a3aa1a77de1449_week_5_intep_approx.ipynb
[I 12:59:33.417 NotebookApp] Saving file at /dH-sxG6JEemSphKEUWYCag_009f8095bd04482389a3aa1a77de1449_week_5_intep_approx.ipynb
[I 13:01:33.421 NotebookApp] Saving file at /dH-sxG6JEemSphKEUWYCag_009f8095bd04482389a3aa1a77de1449_week_5_intep_approx.ipynb
[I 13:03:33.423 NotebookApp] Saving file at /dH-sxG6JEemSphKEUWYCag_009f8095bd04482389a3aa1a77de1449_week_5_intep_approx.ipynb
[I 13:05:33.422 NotebookApp] Saving file at /dH-sxG6JEemSphKEUWYCag_009f8095bd04482389a3aa1a77de1449_week_5_intep_approx.ipynb
[I 13:05:35.615 NotebookApp] Saving file at /dH-sxG6JEemSphKEUWYCag_009f8095bd04482389a3aa1a77de1449_week_5_intep_approx.ipynb
